build/app/intermediates/manifest_merge_blame_file/release/manifest-merger-blame-release-report.txt
1<?xml version="1.0" encoding="utf-8"?>
2<manifest xmlns:android="http://schemas.android.com/apk/res/android"
3    package="com.example.hawkerbro"
4    android:versionCode="1"
5    android:versionName="1.0.0" >
6
7    <uses-sdk
8        android:minSdkVersion="21"
8-->src\main\AndroidManifest.xml
9        android:targetSdkVersion="33" />
9-->src\main\AndroidManifest.xml
10
11    <uses-permission android:name="android.permission.ACCESS_NETWORK_STATE" />
11-->[:firebase_analytics] AndroidManifest.xml:9:5-79
11-->[:firebase_analytics] AndroidManifest.xml:9:22-76
12    <uses-permission android:name="android.permission.INTERNET" />
12-->[:firebase_analytics] AndroidManifest.xml:10:5-67
12-->[:firebase_analytics] AndroidManifest.xml:10:22-64
13    <uses-permission android:name="android.permission.WAKE_LOCK" />
13-->[:firebase_analytics] AndroidManifest.xml:11:5-68
13-->[:firebase_analytics] AndroidManifest.xml:11:22-65
14    <uses-permission android:name="com.google.android.gms.permission.AD_ID" />
14-->[com.google.android.gms:play-services-measurement-api:21.2.2] AndroidManifest.xml:25:5-79
14-->[com.google.android.gms:play-services-measurement-api:21.2.2] AndroidManifest.xml:25:22-76
15    <uses-permission android:name="com.google.android.finsky.permission.BIND_GET_INSTALL_REFERRER_SERVICE" />
15-->[com.google.android.gms:play-services-measurement:21.2.2] AndroidManifest.xml:26:5-110
15-->[com.google.android.gms:play-services-measurement:21.2.2] AndroidManifest.xml:26:22-107
16
17    <permission
17-->[androidx.core:core:1.9.0] AndroidManifest.xml:22:5-24:47
18        android:name="com.example.hawkerbro.DYNAMIC_RECEIVER_NOT_EXPORTED_PERMISSION"
18-->[androidx.core:core:1.9.0] AndroidManifest.xml:23:9-81
19        android:protectionLevel="signature" />
19-->[androidx.core:core:1.9.0] AndroidManifest.xml:24:9-44
20
21    <uses-permission android:name="com.example.hawkerbro.DYNAMIC_RECEIVER_NOT_EXPORTED_PERMISSION" />
21-->[androidx.core:core:1.9.0] AndroidManifest.xml:26:5-97
21-->[androidx.core:core:1.9.0] AndroidManifest.xml:26:22-94
22
23    <application
24        android:name="io.flutter.app.FlutterMultiDexApplication"
24-->src\main\AndroidManifest.xml:4:9-42
25        android:appComponentFactory="androidx.core.app.CoreComponentFactory"
25-->[androidx.core:core:1.9.0] AndroidManifest.xml:28:18-86
26        android:icon="@mipmap/ic_launcher"
26-->src\main\AndroidManifest.xml:5:9-43
27        android:label="hawkerbro" >
27-->src\main\AndroidManifest.xml:3:9-39
28        <activity
28-->src\main\AndroidManifest.xml:6:9-26:20
29            android:name="com.example.hawkerbro.MainActivity"
29-->src\main\AndroidManifest.xml:7:13-41
30            android:configChanges="orientation|keyboardHidden|keyboard|screenSize|smallestScreenSize|locale|layoutDirection|fontScale|screenLayout|density|uiMode"
30-->src\main\AndroidManifest.xml:11:13-163
31            android:exported="true"
31-->src\main\AndroidManifest.xml:8:13-36
32            android:hardwareAccelerated="true"
32-->src\main\AndroidManifest.xml:12:13-47
33            android:launchMode="singleTop"
33-->src\main\AndroidManifest.xml:9:13-43
34            android:theme="@style/LaunchTheme"
34-->src\main\AndroidManifest.xml:10:13-47
35            android:windowSoftInputMode="adjustResize" >
35-->src\main\AndroidManifest.xml:13:13-55
36
37            <!--
38                 Specifies an Android theme to apply to this Activity as soon as
39                 the Android process has started. This theme is visible to the user
40                 while the Flutter UI initializes. After that, this theme continues
41                 to determine the Window background behind the Flutter UI.
42            -->
43            <meta-data
43-->src\main\AndroidManifest.xml:18:13-21:17
44                android:name="io.flutter.embedding.android.NormalTheme"
44-->src\main\AndroidManifest.xml:19:15-70
45                android:resource="@style/NormalTheme" />
45-->src\main\AndroidManifest.xml:20:15-52
46
47            <intent-filter>
47-->src\main\AndroidManifest.xml:22:13-25:29
48                <action android:name="android.intent.action.MAIN" />
48-->src\main\AndroidManifest.xml:23:17-68
48-->src\main\AndroidManifest.xml:23:25-66
49
50                <category android:name="android.intent.category.LAUNCHER" />
50-->src\main\AndroidManifest.xml:24:17-76
50-->src\main\AndroidManifest.xml:24:27-74
51            </intent-filter>
52        </activity>
53        <!--
54             Don't delete the meta-data below.
55             This is used by the Flutter tool to generate GeneratedPluginRegistrant.java
56        -->
57        <meta-data
57-->src\main\AndroidManifest.xml:29:9-31:33
58            android:name="flutterEmbedding"
58-->src\main\AndroidManifest.xml:30:13-44
59            android:value="2" />
59-->src\main\AndroidManifest.xml:31:13-30
60
61        <service
61-->[:firebase_analytics] AndroidManifest.xml:14:9-18:19
62            android:name="com.google.firebase.components.ComponentDiscoveryService"
62-->[:firebase_analytics] AndroidManifest.xml:14:18-89
63            android:directBootAware="true"
63-->[com.google.firebase:firebase-common:20.3.2] AndroidManifest.xml:34:13-43
64            android:exported="false" >
64-->[com.google.firebase:firebase-auth:22.0.0] AndroidManifest.xml:68:13-37
65            <meta-data
65-->[:firebase_analytics] AndroidManifest.xml:15:13-17:85
66                android:name="com.google.firebase.components:io.flutter.plugins.firebase.analytics.FlutterFirebaseAppRegistrar"
66-->[:firebase_analytics] AndroidManifest.xml:16:17-128
67                android:value="com.google.firebase.components.ComponentRegistrar" />
67-->[:firebase_analytics] AndroidManifest.xml:17:17-82
68            <meta-data
68-->[:firebase_auth] AndroidManifest.xml:11:13-13:85
69                android:name="com.google.firebase.components:io.flutter.plugins.firebase.auth.FlutterFirebaseAuthRegistrar"
69-->[:firebase_auth] AndroidManifest.xml:12:17-124
70                android:value="com.google.firebase.components.ComponentRegistrar" />
70-->[:firebase_auth] AndroidManifest.xml:13:17-82
71            <meta-data
71-->[:firebase_storage] AndroidManifest.xml:11:13-13:85
72                android:name="com.google.firebase.components:io.flutter.plugins.firebase.storage.FlutterFirebaseAppRegistrar"
72-->[:firebase_storage] AndroidManifest.xml:12:17-126
73                android:value="com.google.firebase.components.ComponentRegistrar" />
73-->[:firebase_storage] AndroidManifest.xml:13:17-82
74            <meta-data
74-->[:cloud_firestore] AndroidManifest.xml:11:13-13:85
75                android:name="com.google.firebase.components:io.flutter.plugins.firebase.firestore.FlutterFirebaseFirestoreRegistrar"
75-->[:cloud_firestore] AndroidManifest.xml:12:17-134
76                android:value="com.google.firebase.components.ComponentRegistrar" />
76-->[:cloud_firestore] AndroidManifest.xml:13:17-82
77            <meta-data
77-->[:firebase_core] AndroidManifest.xml:11:13-13:85
78                android:name="com.google.firebase.components:io.flutter.plugins.firebase.core.FlutterFirebaseCoreRegistrar"
78-->[:firebase_core] AndroidManifest.xml:12:17-124
79                android:value="com.google.firebase.components.ComponentRegistrar" />
79-->[:firebase_core] AndroidManifest.xml:13:17-82
80            <meta-data
80-->[com.google.firebase:firebase-auth:22.0.0] AndroidManifest.xml:69:13-71:85
81                android:name="com.google.firebase.components:com.google.firebase.auth.FirebaseAuthRegistrar"
81-->[com.google.firebase:firebase-auth:22.0.0] AndroidManifest.xml:70:17-109
82                android:value="com.google.firebase.components.ComponentRegistrar" />
82-->[com.google.firebase:firebase-auth:22.0.0] AndroidManifest.xml:71:17-82
83            <meta-data
83-->[com.google.firebase:firebase-firestore:24.6.0] AndroidManifest.xml:19:13-21:85
84                android:name="com.google.firebase.components:com.google.firebase.firestore.FirestoreRegistrar"
84-->[com.google.firebase:firebase-firestore:24.6.0] AndroidManifest.xml:20:17-111
85                android:value="com.google.firebase.components.ComponentRegistrar" />
85-->[com.google.firebase:firebase-firestore:24.6.0] AndroidManifest.xml:21:17-82
86            <meta-data
86-->[com.google.firebase:firebase-storage:20.2.0] AndroidManifest.xml:32:13-34:85
87                android:name="com.google.firebase.components:com.google.firebase.storage.StorageRegistrar"
87-->[com.google.firebase:firebase-storage:20.2.0] AndroidManifest.xml:33:17-107
88                android:value="com.google.firebase.components.ComponentRegistrar" />
88-->[com.google.firebase:firebase-storage:20.2.0] AndroidManifest.xml:34:17-82
89            <meta-data
89-->[com.google.android.gms:play-services-measurement-api:21.2.2] AndroidManifest.xml:31:13-33:85
90                android:name="com.google.firebase.components:com.google.firebase.analytics.connector.internal.AnalyticsConnectorRegistrar"
90-->[com.google.android.gms:play-services-measurement-api:21.2.2] AndroidManifest.xml:32:17-139
91                android:value="com.google.firebase.components.ComponentRegistrar" />
91-->[com.google.android.gms:play-services-measurement-api:21.2.2] AndroidManifest.xml:33:17-82
92            <meta-data
92-->[com.google.firebase:firebase-installations:17.1.3] AndroidManifest.xml:17:13-19:85
93                android:name="com.google.firebase.components:com.google.firebase.installations.FirebaseInstallationsRegistrar"
93-->[com.google.firebase:firebase-installations:17.1.3] AndroidManifest.xml:18:17-127
94                android:value="com.google.firebase.components.ComponentRegistrar" />
94-->[com.google.firebase:firebase-installations:17.1.3] AndroidManifest.xml:19:17-82
95        </service>
96
97        <provider
97-->[:image_picker_android] AndroidManifest.xml:10:9-18:20
98            android:name="io.flutter.plugins.imagepicker.ImagePickerFileProvider"
98-->[:image_picker_android] AndroidManifest.xml:11:13-82
99            android:authorities="com.example.hawkerbro.flutter.image_provider"
99-->[:image_picker_android] AndroidManifest.xml:12:13-74
100            android:exported="false"
100-->[:image_picker_android] AndroidManifest.xml:13:13-37
101            android:grantUriPermissions="true" >
101-->[:image_picker_android] AndroidManifest.xml:14:13-47
102            <meta-data
102-->[:image_picker_android] AndroidManifest.xml:15:13-17:75
103                android:name="android.support.FILE_PROVIDER_PATHS"
103-->[:image_picker_android] AndroidManifest.xml:16:17-67
104                android:resource="@xml/flutter_image_picker_file_paths" />
104-->[:image_picker_android] AndroidManifest.xml:17:17-72
105        </provider>
106
107        <activity
107-->[com.google.android.gms:play-services-auth:20.4.0] AndroidManifest.xml:23:9-27:75
108            android:name="com.google.android.gms.auth.api.signin.internal.SignInHubActivity"
108-->[com.google.android.gms:play-services-auth:20.4.0] AndroidManifest.xml:24:13-93
109            android:excludeFromRecents="true"
109-->[com.google.android.gms:play-services-auth:20.4.0] AndroidManifest.xml:25:13-46
110            android:exported="false"
110-->[com.google.android.gms:play-services-auth:20.4.0] AndroidManifest.xml:26:13-37
111            android:theme="@android:style/Theme.Translucent.NoTitleBar" />
111-->[com.google.android.gms:play-services-auth:20.4.0] AndroidManifest.xml:27:13-72
112        <!--
113            Service handling Google Sign-In user revocation. For apps that do not integrate with
114            Google Sign-In, this service will never be started.
115        -->
116        <service
116-->[com.google.android.gms:play-services-auth:20.4.0] AndroidManifest.xml:33:9-37:51
117            android:name="com.google.android.gms.auth.api.signin.RevocationBoundService"
117-->[com.google.android.gms:play-services-auth:20.4.0] AndroidManifest.xml:34:13-89
118            android:exported="true"
118-->[com.google.android.gms:play-services-auth:20.4.0] AndroidManifest.xml:35:13-36
119            android:permission="com.google.android.gms.auth.api.signin.permission.REVOCATION_NOTIFICATION"
119-->[com.google.android.gms:play-services-auth:20.4.0] AndroidManifest.xml:36:13-107
120            android:visibleToInstantApps="true" />
120-->[com.google.android.gms:play-services-auth:20.4.0] AndroidManifest.xml:37:13-48
121
122        <activity
122-->[com.google.firebase:firebase-auth:22.0.0] AndroidManifest.xml:29:9-46:20
123            android:name="com.google.firebase.auth.internal.GenericIdpActivity"
123-->[com.google.firebase:firebase-auth:22.0.0] AndroidManifest.xml:30:13-80
124            android:excludeFromRecents="true"
124-->[com.google.firebase:firebase-auth:22.0.0] AndroidManifest.xml:31:13-46
125            android:exported="true"
125-->[com.google.firebase:firebase-auth:22.0.0] AndroidManifest.xml:32:13-36
126            android:launchMode="singleTask"
126-->[com.google.firebase:firebase-auth:22.0.0] AndroidManifest.xml:33:13-44
127            android:theme="@android:style/Theme.Translucent.NoTitleBar" >
127-->[com.google.firebase:firebase-auth:22.0.0] AndroidManifest.xml:34:13-72
128            <intent-filter>
128-->[com.google.firebase:firebase-auth:22.0.0] AndroidManifest.xml:35:13-45:29
129                <action android:name="android.intent.action.VIEW" />
129-->[com.google.firebase:firebase-auth:22.0.0] AndroidManifest.xml:36:17-69
129-->[com.google.firebase:firebase-auth:22.0.0] AndroidManifest.xml:36:25-66
130
131                <category android:name="android.intent.category.DEFAULT" />
131-->[com.google.firebase:firebase-auth:22.0.0] AndroidManifest.xml:38:17-76
131-->[com.google.firebase:firebase-auth:22.0.0] AndroidManifest.xml:38:27-73
132                <category android:name="android.intent.category.BROWSABLE" />
132-->[com.google.firebase:firebase-auth:22.0.0] AndroidManifest.xml:39:17-78
132-->[com.google.firebase:firebase-auth:22.0.0] AndroidManifest.xml:39:27-75
133
134                <data
134-->[com.google.firebase:firebase-auth:22.0.0] AndroidManifest.xml:41:17-44:51
135                    android:host="firebase.auth"
135-->[com.google.firebase:firebase-auth:22.0.0] AndroidManifest.xml:42:21-49
136                    android:path="/"
136-->[com.google.firebase:firebase-auth:22.0.0] AndroidManifest.xml:43:21-37
137                    android:scheme="genericidp" />
137-->[com.google.firebase:firebase-auth:22.0.0] AndroidManifest.xml:44:21-48
138            </intent-filter>
139        </activity>
140        <activity
140-->[com.google.firebase:firebase-auth:22.0.0] AndroidManifest.xml:47:9-64:20
141            android:name="com.google.firebase.auth.internal.RecaptchaActivity"
141-->[com.google.firebase:firebase-auth:22.0.0] AndroidManifest.xml:48:13-79
142            android:excludeFromRecents="true"
142-->[com.google.firebase:firebase-auth:22.0.0] AndroidManifest.xml:49:13-46
143            android:exported="true"
143-->[com.google.firebase:firebase-auth:22.0.0] AndroidManifest.xml:50:13-36
144            android:launchMode="singleTask"
144-->[com.google.firebase:firebase-auth:22.0.0] AndroidManifest.xml:51:13-44
145            android:theme="@android:style/Theme.Translucent.NoTitleBar" >
145-->[com.google.firebase:firebase-auth:22.0.0] AndroidManifest.xml:52:13-72
146            <intent-filter>
146-->[com.google.firebase:firebase-auth:22.0.0] AndroidManifest.xml:53:13-63:29
147                <action android:name="android.intent.action.VIEW" />
147-->[com.google.firebase:firebase-auth:22.0.0] AndroidManifest.xml:36:17-69
147-->[com.google.firebase:firebase-auth:22.0.0] AndroidManifest.xml:36:25-66
148
149                <category android:name="android.intent.category.DEFAULT" />
149-->[com.google.firebase:firebase-auth:22.0.0] AndroidManifest.xml:38:17-76
149-->[com.google.firebase:firebase-auth:22.0.0] AndroidManifest.xml:38:27-73
150                <category android:name="android.intent.category.BROWSABLE" />
150-->[com.google.firebase:firebase-auth:22.0.0] AndroidManifest.xml:39:17-78
150-->[com.google.firebase:firebase-auth:22.0.0] AndroidManifest.xml:39:27-75
151
152                <data
152-->[com.google.firebase:firebase-auth:22.0.0] AndroidManifest.xml:41:17-44:51
153                    android:host="firebase.auth"
153-->[com.google.firebase:firebase-auth:22.0.0] AndroidManifest.xml:42:21-49
154                    android:path="/"
154-->[com.google.firebase:firebase-auth:22.0.0] AndroidManifest.xml:43:21-37
155                    android:scheme="recaptcha" />
155-->[com.google.firebase:firebase-auth:22.0.0] AndroidManifest.xml:44:21-48
156            </intent-filter>
157        </activity>
158        <activity
158-->[com.google.android.gms:play-services-base:18.0.1] AndroidManifest.xml:20:9-22:45
159            android:name="com.google.android.gms.common.api.GoogleApiActivity"
159-->[com.google.android.gms:play-services-base:18.0.1] AndroidManifest.xml:20:19-85
160            android:exported="false"
160-->[com.google.android.gms:play-services-base:18.0.1] AndroidManifest.xml:22:19-43
161            android:theme="@android:style/Theme.Translucent.NoTitleBar" />
161-->[com.google.android.gms:play-services-base:18.0.1] AndroidManifest.xml:21:19-78
162
163        <provider
163-->[com.google.firebase:firebase-common:20.3.2] AndroidManifest.xml:25:9-30:39
164            android:name="com.google.firebase.provider.FirebaseInitProvider"
164-->[com.google.firebase:firebase-common:20.3.2] AndroidManifest.xml:26:13-77
165            android:authorities="com.example.hawkerbro.firebaseinitprovider"
165-->[com.google.firebase:firebase-common:20.3.2] AndroidManifest.xml:27:13-72
166            android:directBootAware="true"
166-->[com.google.firebase:firebase-common:20.3.2] AndroidManifest.xml:28:13-43
167            android:exported="false"
167-->[com.google.firebase:firebase-common:20.3.2] AndroidManifest.xml:29:13-37
168            android:initOrder="100" />
168-->[com.google.firebase:firebase-common:20.3.2] AndroidManifest.xml:30:13-36
169
170        <receiver
170-->[com.google.android.gms:play-services-measurement:21.2.2] AndroidManifest.xml:29:9-33:20
171            android:name="com.google.android.gms.measurement.AppMeasurementReceiver"
171-->[com.google.android.gms:play-services-measurement:21.2.2] AndroidManifest.xml:30:13-85
172            android:enabled="true"
172-->[com.google.android.gms:play-services-measurement:21.2.2] AndroidManifest.xml:31:13-35
173            android:exported="false" >
173-->[com.google.android.gms:play-services-measurement:21.2.2] AndroidManifest.xml:32:13-37
174        </receiver>
175
176        <service
176-->[com.google.android.gms:play-services-measurement:21.2.2] AndroidManifest.xml:35:9-38:40
177            android:name="com.google.android.gms.measurement.AppMeasurementService"
177-->[com.google.android.gms:play-services-measurement:21.2.2] AndroidManifest.xml:36:13-84
178            android:enabled="true"
178-->[com.google.android.gms:play-services-measurement:21.2.2] AndroidManifest.xml:37:13-35
179            android:exported="false" />
179-->[com.google.android.gms:play-services-measurement:21.2.2] AndroidManifest.xml:38:13-37
180        <service
180-->[com.google.android.gms:play-services-measurement:21.2.2] AndroidManifest.xml:39:9-43:72
181            android:name="com.google.android.gms.measurement.AppMeasurementJobService"
181-->[com.google.android.gms:play-services-measurement:21.2.2] AndroidManifest.xml:40:13-87
182            android:enabled="true"
182-->[com.google.android.gms:play-services-measurement:21.2.2] AndroidManifest.xml:41:13-35
183            android:exported="false"
183-->[com.google.android.gms:play-services-measurement:21.2.2] AndroidManifest.xml:42:13-37
184            android:permission="android.permission.BIND_JOB_SERVICE" />
184-->[com.google.android.gms:play-services-measurement:21.2.2] AndroidManifest.xml:43:13-69
185
186        <meta-data
186-->[com.google.android.gms:play-services-basement:18.1.0] AndroidManifest.xml:21:9-23:69
187            android:name="com.google.android.gms.version"
187-->[com.google.android.gms:play-services-basement:18.1.0] AndroidManifest.xml:22:13-58
188            android:value="@integer/google_play_services_version" />
188-->[com.google.android.gms:play-services-basement:18.1.0] AndroidManifest.xml:23:13-66
189
190        <uses-library
190-->[androidx.window:window:1.0.0-beta04] AndroidManifest.xml:25:9-27:40
191            android:name="androidx.window.extensions"
191-->[androidx.window:window:1.0.0-beta04] AndroidManifest.xml:26:13-54
192            android:required="false" />
192-->[androidx.window:window:1.0.0-beta04] AndroidManifest.xml:27:13-37
193        <uses-library
193-->[androidx.window:window:1.0.0-beta04] AndroidManifest.xml:28:9-30:40
194            android:name="androidx.window.sidecar"
194-->[androidx.window:window:1.0.0-beta04] AndroidManifest.xml:29:13-51
195            android:required="false" />
195-->[androidx.window:window:1.0.0-beta04] AndroidManifest.xml:30:13-37
196
197        <provider
197-->[androidx.profileinstaller:profileinstaller:1.3.0] AndroidManifest.xml:24:9-32:20
198            android:name="androidx.startup.InitializationProvider"
198-->[androidx.profileinstaller:profileinstaller:1.3.0] AndroidManifest.xml:25:13-67
199            android:authorities="com.example.hawkerbro.androidx-startup"
199-->[androidx.profileinstaller:profileinstaller:1.3.0] AndroidManifest.xml:26:13-68
200            android:exported="false" >
200-->[androidx.profileinstaller:profileinstaller:1.3.0] AndroidManifest.xml:27:13-37
201            <meta-data
201-->[androidx.profileinstaller:profileinstaller:1.3.0] AndroidManifest.xml:29:13-31:52
202                android:name="androidx.profileinstaller.ProfileInstallerInitializer"
202-->[androidx.profileinstaller:profileinstaller:1.3.0] AndroidManifest.xml:30:17-85
203                android:value="androidx.startup" />
203-->[androidx.profileinstaller:profileinstaller:1.3.0] AndroidManifest.xml:31:17-49
204        </provider>
205
206        <receiver
206-->[androidx.profileinstaller:profileinstaller:1.3.0] AndroidManifest.xml:34:9-52:20
207            android:name="androidx.profileinstaller.ProfileInstallReceiver"
207-->[androidx.profileinstaller:profileinstaller:1.3.0] AndroidManifest.xml:35:13-76
208            android:directBootAware="false"
208-->[androidx.profileinstaller:profileinstaller:1.3.0] AndroidManifest.xml:36:13-44
209            android:enabled="true"
209-->[androidx.profileinstaller:profileinstaller:1.3.0] AndroidManifest.xml:37:13-35
210            android:exported="true"
210-->[androidx.profileinstaller:profileinstaller:1.3.0] AndroidManifest.xml:38:13-36
211            android:permission="android.permission.DUMP" >
211-->[androidx.profileinstaller:profileinstaller:1.3.0] AndroidManifest.xml:39:13-57
212            <intent-filter>
212-->[androidx.profileinstaller:profileinstaller:1.3.0] AndroidManifest.xml:40:13-42:29
213                <action android:name="androidx.profileinstaller.action.INSTALL_PROFILE" />
213-->[androidx.profileinstaller:profileinstaller:1.3.0] AndroidManifest.xml:41:17-91
213-->[androidx.profileinstaller:profileinstaller:1.3.0] AndroidManifest.xml:41:25-88
214            </intent-filter>
215            <intent-filter>
215-->[androidx.profileinstaller:profileinstaller:1.3.0] AndroidManifest.xml:43:13-45:29
216                <action android:name="androidx.profileinstaller.action.SKIP_FILE" />
216-->[androidx.profileinstaller:profileinstaller:1.3.0] AndroidManifest.xml:44:17-85
216-->[androidx.profileinstaller:profileinstaller:1.3.0] AndroidManifest.xml:44:25-82
217            </intent-filter>
218            <intent-filter>
218-->[androidx.profileinstaller:profileinstaller:1.3.0] AndroidManifest.xml:46:13-48:29
219                <action android:name="androidx.profileinstaller.action.SAVE_PROFILE" />
219-->[androidx.profileinstaller:profileinstaller:1.3.0] AndroidManifest.xml:47:17-88
219-->[androidx.profileinstaller:profileinstaller:1.3.0] AndroidManifest.xml:47:25-85
220            </intent-filter>
221            <intent-filter>
221-->[androidx.profileinstaller:profileinstaller:1.3.0] AndroidManifest.xml:49:13-51:29
222                <action android:name="androidx.profileinstaller.action.BENCHMARK_OPERATION" />
222-->[androidx.profileinstaller:profileinstaller:1.3.0] AndroidManifest.xml:50:17-95
222-->[androidx.profileinstaller:profileinstaller:1.3.0] AndroidManifest.xml:50:25-92
223            </intent-filter>
224        </receiver>
225    </application>
226
227</manifest>